<?xml version="1.0" encoding="UTF-8"?>
<testng-results ignored="0" total="4" passed="4" failed="0" skipped="0">
  <reporter-output>
  </reporter-output>
  <suite started-at="2023-11-07T23:26:29 EET" name="Default suite" finished-at="2023-11-07T23:26:34 EET" duration-ms="5573">
    <groups>
    </groups>
    <test started-at="2023-11-07T23:26:29 EET" name="Default test" finished-at="2023-11-07T23:26:34 EET" duration-ms="5573">
      <class name="api.test.CardTests">
        <test-method is-config="true" signature="setUpData()[pri:0, instance:api.test.CardTests@6574a52c]" started-at="2023-11-07T23:26:29 EET" name="setUpData" finished-at="2023-11-07T23:26:29 EET" duration-ms="16" status="PASS">
          <reporter-output>
          </reporter-output>
        </test-method> <!-- setUpData -->
        <test-method signature="testPostUser()[pri:1, instance:api.test.CardTests@6574a52c]" started-at="2023-11-07T23:26:29 EET" name="testPostUser" finished-at="2023-11-07T23:26:32 EET" duration-ms="3704" status="PASS">
          <reporter-output>
          </reporter-output>
        </test-method> <!-- testPostUser -->
        <test-method signature="testGetCardByID()[pri:2, instance:api.test.CardTests@6574a52c]" started-at="2023-11-07T23:26:32 EET" name="testGetCardByID" finished-at="2023-11-07T23:26:33 EET" duration-ms="492" status="PASS">
          <reporter-output>
          </reporter-output>
        </test-method> <!-- testGetCardByID -->
        <test-method signature="testUpdateCardById()[pri:3, instance:api.test.CardTests@6574a52c]" started-at="2023-11-07T23:26:33 EET" name="testUpdateCardById" finished-at="2023-11-07T23:26:33 EET" duration-ms="509" status="PASS">
          <reporter-output>
          </reporter-output>
        </test-method> <!-- testUpdateCardById -->
        <test-method signature="testDeleteCard()[pri:4, instance:api.test.CardTests@6574a52c]" started-at="2023-11-07T23:26:33 EET" name="testDeleteCard" finished-at="2023-11-07T23:26:34 EET" duration-ms="749" status="PASS">
          <reporter-output>
          </reporter-output>
        </test-method> <!-- testDeleteCard -->
      </class> <!-- api.test.CardTests -->
    </test> <!-- Default test -->
  </suite> <!-- Default suite -->
</testng-results>
