<?xml version="1.0" encoding="UTF-8"?>
<!-- Generated by org.testng.reporters.JUnitXMLReporter -->
<testsuite ignored="0" hostname="DESKTOP-4VC4PCR" failures="0" tests="4" name="Default test" time="5.573" errors="0" timestamp="2023-11-07T23:26:34 EET">
  <testcase classname="api.test.CardTests" name="testPostUser" time="3.704"/>
  <testcase classname="api.test.CardTests" name="testGetCardByID" time="0.492"/>
  <testcase classname="api.test.CardTests" name="testUpdateCardById" time="0.509"/>
  <testcase classname="api.test.CardTests" name="testDeleteCard" time="0.749"/>
</testsuite> <!-- Default test -->
